# JRE version: Java(TM) SE Runtime Environment (8.0_144-b01) (build 1.8.0_144-b01)
# Java VM: Java HotSpot(TM) Client VM (25.144-b01 mixed mode windows-x86 )
Heap:
 def new generation   total 157248K, used 157248K [0x07600000, 0x120a0000, 0x120a0000)
  eden space 139776K, 100% used [0x07600000, 0x0fe80000, 0x0fe80000)
  from space 17472K, 100% used [0x0fe80000, 0x10f90000, 0x10f90000)
  to   space 17472K,   0% used [0x10f90000, 0x10f90000, 0x120a0000)
 tenured generation   total 349568K, used 349567K [0x120a0000, 0x27600000, 0x27600000)
   the space 349568K,  99% used [0x120a0000, 0x275fffe0, 0x27600000, 0x27600000)
 Metaspace       used 19639K, capacity 20128K, committed 20352K, reserved 20864K
GC Heap History (10 events):
Event: 7990.869 GC heap before
{Heap before GC invocations=455 (full 97):
 def new generation   total 157248K, used 157247K [0x07600000, 0x120a0000, 0x120a0000)
  eden space 139776K, 100% used [0x07600000, 0x0fe80000, 0x0fe80000)
  from space 17472K,  99% used [0x0fe80000, 0x10f8ffe0, 0x10f90000)
  to   space 17472K,   0% used [0x10f90000, 0x10f90000, 0x120a0000)
 tenured generation   total 349568K, used 349567K [0x120a0000, 0x27600000, 0x27600000)
   the space 349568K,  99% used [0x120a0000, 0x275ffff8, 0x27600000, 0x27600000)
 Metaspace       used 19639K, capacity 20128K, committed 20352K, reserved 20864K
Event: 7991.369 GC heap after
Heap after GC invocations=456 (full 98):
 def new generation   total 157248K, used 157235K [0x07600000, 0x120a0000, 0x120a0000)
  eden space 139776K, 100% used [0x07600000, 0x0fe80000, 0x0fe80000)
  from space 17472K,  99% used [0x0fe80000, 0x10f8cd50, 0x10f90000)
  to   space 17472K,   0% used [0x10f90000, 0x10f90000, 0x120a0000)
 tenured generation   total 349568K, used 349567K [0x120a0000, 0x27600000, 0x27600000)
   the space 349568K,  99% used [0x120a0000, 0x275ffff8, 0x27600000, 0x27600000)
 Metaspace       used 19639K, capacity 20128K, committed 20352K, reserved 20864K
}
Event: 7991.369 GC heap before
{Heap before GC invocations=456 (full 98):
 def new generation   total 157248K, used 157247K [0x07600000, 0x120a0000, 0x120a0000)
  eden space 139776K, 100% used [0x07600000, 0x0fe80000, 0x0fe80000)
  from space 17472K,  99% used [0x0fe80000, 0x10f8fff8, 0x10f90000)
  to   space 17472K,   0% used [0x10f90000, 0x10f90000, 0x120a0000)
 tenured generation   total 349568K, used 349567K [0x120a0000, 0x27600000, 0x27600000)
   the space 349568K,  99% used [0x120a0000, 0x275ffff8, 0x27600000, 0x27600000)
 Metaspace       used 19639K, capacity 20128K, committed 20352K, reserved 20864K
Event: 7991.871 GC heap after
Heap after GC invocations=457 (full 99):
 def new generation   total 157248K, used 157239K [0x07600000, 0x120a0000, 0x120a0000)
  eden space 139776K, 100% used [0x07600000, 0x0fe80000, 0x0fe80000)
  from space 17472K,  99% used [0x0fe80000, 0x10f8dd18, 0x10f90000)
  to   space 17472K,   0% used [0x10f90000, 0x10f90000, 0x120a0000)
 tenured generation   total 349568K, used 349567K [0x120a0000, 0x27600000, 0x27600000)
   the space 349568K,  99% used [0x120a0000, 0x275ffff8, 0x27600000, 0x27600000)
 Metaspace       used 19639K, capacity 20128K, committed 20352K, reserved 20864K
}
Event: 7991.872 GC heap before
{Heap before GC invocations=457 (full 99):
 def new generation   total 157248K, used 157247K [0x07600000, 0x120a0000, 0x120a0000)
  eden space 139776K, 100% used [0x07600000, 0x0fe80000, 0x0fe80000)
  from space 17472K,  99% used [0x0fe80000, 0x10f8ff78, 0x10f90000)
  to   space 17472K,   0% used [0x10f90000, 0x10f90000, 0x120a0000)
 tenured generation   total 349568K, used 349567K [0x120a0000, 0x27600000, 0x27600000)
   the space 349568K,  99% used [0x120a0000, 0x275ffff8, 0x27600000, 0x27600000)
 Metaspace       used 19639K, capacity 20128K, committed 20352K, reserved 20864K
Event: 7992.531 GC heap after
Heap after GC invocations=458 (full 100):
 def new generation   total 157248K, used 157239K [0x07600000, 0x120a0000, 0x120a0000)
  eden space 139776K,  99% used [0x07600000, 0x0fe7ffc8, 0x0fe80000)
  from space 17472K,  99% used [0x0fe80000, 0x10f8dd58, 0x10f90000)
  to   space 17472K,   0% used [0x10f90000, 0x10f90000, 0x120a0000)
 tenured generation   total 349568K, used 349567K [0x120a0000, 0x27600000, 0x27600000)
   the space 349568K,  99% used [0x120a0000, 0x275fffe0, 0x27600000, 0x27600000)
 Metaspace       used 19639K, capacity 20128K, committed 20352K, reserved 20864K
}
Event: 7992.531 GC heap before
{Heap before GC invocations=458 (full 100):
 def new generation   total 157248K, used 157245K [0x07600000, 0x120a0000, 0x120a0000)
  eden space 139776K, 100% used [0x07600000, 0x0fe80000, 0x0fe80000)
  from space 17472K,  99% used [0x0fe80000, 0x10f8f6d8, 0x10f90000)
  to   space 17472K,   0% used [0x10f90000, 0x10f90000, 0x120a0000)
 tenured generation   total 349568K, used 349567K [0x120a0000, 0x27600000, 0x27600000)
   the space 349568K,  99% used [0x120a0000, 0x275fffe0, 0x27600000, 0x27600000)
 Metaspace       used 19639K, capacity 20128K, committed 20352K, reserved 20864K
Event: 7993.030 GC heap after
Heap after GC invocations=459 (full 101):
 def new generation   total 157248K, used 157236K [0x07600000, 0x120a0000, 0x120a0000)
  eden space 139776K,  99% used [0x07600000, 0x0fe7fff0, 0x0fe80000)
  from space 17472K,  99% used [0x0fe80000, 0x10f8d110, 0x10f90000)
  to   space 17472K,   0% used [0x10f90000, 0x10f90000, 0x120a0000)
 tenured generation   total 349568K, used 349567K [0x120a0000, 0x27600000, 0x27600000)
   the space 349568K,  99% used [0x120a0000, 0x275fffe0, 0x27600000, 0x27600000)
 Metaspace       used 19639K, capacity 20128K, committed 20352K, reserved 20864K
}
Event: 7993.030 GC heap before
{Heap before GC invocations=459 (full 101):
 def new generation   total 157248K, used 157236K [0x07600000, 0x120a0000, 0x120a0000)
  eden space 139776K,  99% used [0x07600000, 0x0fe7fff0, 0x0fe80000)
  from space 17472K,  99% used [0x0fe80000, 0x10f8d110, 0x10f90000)
  to   space 17472K,   0% used [0x10f90000, 0x10f90000, 0x120a0000)
 tenured generation   total 349568K, used 349567K [0x120a0000, 0x27600000, 0x27600000)
   the space 349568K,  99% used [0x120a0000, 0x275fffe0, 0x27600000, 0x27600000)
 Metaspace       used 19639K, capacity 20128K, committed 20352K, reserved 20864K
Event: 7993.524 GC heap after
Heap after GC invocations=460 (full 102):
 def new generation   total 157248K, used 157236K [0x07600000, 0x120a0000, 0x120a0000)
  eden space 139776K,  99% used [0x07600000, 0x0fe7fff0, 0x0fe80000)
  from space 17472K,  99% used [0x0fe80000, 0x10f8d110, 0x10f90000)
  to   space 17472K,   0% used [0x10f90000, 0x10f90000, 0x120a0000)
 tenured generation   total 349568K, used 349567K [0x120a0000, 0x27600000, 0x27600000)
   the space 349568K,  99% used [0x120a0000, 0x275fffe0, 0x27600000, 0x27600000)
 Metaspace       used 19639K, capacity 20128K, committed 20352K, reserved 20864K
}

